2017-04-15 23:36:24 WARN  Main:18 - asdf
2017-04-15 23:36:30 WARN  Main:18 - asdf
2017-04-15 23:47:36 WARN  Main:19 - asdf
2017-04-15 23:47:37 WARN  Main:177 - SQLException on get User. User.java get()
2017-04-15 23:53:17 WARN  Main:177 - SQLException on get User. User.java get()
2017-04-15 23:53:56 WARN  Main:177 - SQLException on get User. User.java get()
2017-04-15 23:54:29 WARN  Main:177 - SQLException on get User. User.java get()
2017-04-15 23:57:09 WARN  Main:154 - SQLException on update User. User.java update()
2017-04-15 23:57:24 WARN  Main:154 - SQLException on update User. User.java update()
2017-04-15 23:57:35 WARN  Main:154 - SQLException on update User. User.java update()
2017-04-16 00:00:52 WARN  Main:155 - SQLException on update User. User.java update()
2017-04-16 00:01:01 WARN  Main:155 - SQLException on update User. User.java update()
2017-04-16 00:03:30 WARN  Main:155 - SQLException on update User. User.java update()
2017-04-16 00:03:41 WARN  Main:155 - SQLException on update User. User.java update()
2017-04-16 00:03:48 WARN  Main:155 - SQLException on update User. User.java update()
2017-04-16 15:47:29 WARN  Main:29 - JaxbException in JaxbManager.java toXml()
2017-04-16 16:18:54 WARN  Main:37 - SQLException on get DataBaseManager. DataBaseManager.java getuser()
2017-04-16 16:18:55 WARN  Main:57 - SQLException on save User. DataBaseManager.java saveUser()
2017-04-16 16:21:00 WARN  Main:37 - SQLException on get DataBaseManager. DataBaseManager.java getuser()
2017-04-16 16:21:00 WARN  Main:57 - SQLException on save User. DataBaseManager.java saveUser()
2017-04-16 16:21:17 WARN  Main:37 - SQLException on get DataBaseManager. DataBaseManager.java getuser()
2017-04-16 16:21:29 WARN  Main:57 - SQLException on save User. DataBaseManager.java saveUser()
2017-04-16 16:21:34 WARN  Main:37 - SQLException on get DataBaseManager. DataBaseManager.java getuser()
2017-04-16 16:21:54 WARN  Main:57 - SQLException on save User. DataBaseManager.java saveUser()
2017-04-16 16:22:36 WARN  Main:37 - SQLException on get DataBaseManager. DataBaseManager.java getuser()
2017-04-16 17:11:37 WARN  Main:31 - JaxbException in JaxbManager.java toXml()
2017-04-16 17:20:44 WARN  Main:31 - JaxbException in JaxbManager.java toXml()
2017-04-16 17:21:07 WARN  Main:31 - JaxbException in JaxbManager.java toXml()
2017-04-16 17:22:44 WARN  Main:48 - JaxbException in JaxbManager.java toXml()
2017-04-16 17:23:52 WARN  Main:47 - JaxbException in JaxbManager.java toXml()
2017-04-16 17:28:20 WARN  Main:32 - JaxbException in JaxbManager.java toXml()
2017-04-16 18:05:49 WARN  Main:117 - SQLException on save User. DataBaseManager.java saveUser()
2017-04-16 18:06:25 WARN  Main:117 - SQLException on save User. DataBaseManager.java saveUser()
2017-04-16 19:02:02 WARN  Main:117 - SQLException on get DataBaseManager. DataBaseManager.java getProducts()
2017-04-16 19:05:23 WARN  Main:119 - SQLException on get DataBaseManager. DataBaseManager.java getPlans()
2017-04-16 19:12:13 WARN  Main:120 - SQLException on get DataBaseManager. DataBaseManager.java getPlans()
2017-04-16 21:01:46 WARN  Main:178 - SQLException on save User. DataBaseManager.java saveUser()
2017-04-16 21:01:46 WARN  Main:203 - SQLException on save User. DataBaseManager.java saveProducts()
2017-04-16 21:01:46 WARN  Main:231 - SQLException on save User. DataBaseManager.java saveProducts()
2017-04-16 21:04:45 WARN  Main:231 - SQLException on save User. DataBaseManager.java saveProducts()
2017-04-16 21:05:17 WARN  Main:231 - SQLException on save User. DataBaseManager.java savePlans()
2017-04-16 21:05:46 WARN  Main:231 - SQLException on save User. DataBaseManager.java savePlans()
2017-04-16 21:06:30 WARN  Main:231 - SQLException on save User. DataBaseManager.java savePlans()
2017-04-16 21:08:40 WARN  Main:231 - SQLException on save User. DataBaseManager.java savePlans()
2017-04-16 21:13:50 WARN  Main:231 - SQLException on save User. DataBaseManager.java savePlans()
2017-04-16 21:16:19 WARN  Main:231 - SQLException on save User. DataBaseManager.java savePlans()
2017-04-16 21:48:09 WARN  Main:231 - SQLException on save User. DataBaseManager.java savePlans()
2017-04-16 21:48:09 WARN  Main:203 - SQLException on save User. DataBaseManager.java saveProducts()
2017-04-16 21:50:03 WARN  Main:178 - SQLException on save User. DataBaseManager.java saveUser()
2017-04-16 21:51:26 WARN  Main:231 - SQLException on save Plans. DataBaseManager.java savePlans()
2017-04-16 21:51:26 WARN  Main:203 - SQLException on save Products. DataBaseManager.java saveProducts()
2017-04-16 21:51:48 WARN  Main:178 - SQLException on save User. DataBaseManager.java saveUser()
2017-04-16 21:51:48 WARN  Main:231 - SQLException on save Plans. DataBaseManager.java savePlans()
2017-04-16 22:15:39 WARN  Main:226 - SQLException on save Products. DataBaseManager.java saveProducts()
2017-04-16 22:15:39 WARN  Main:196 - SQLException on save User. DataBaseManager.java saveUser()
2017-04-16 22:22:06 WARN  Main:226 - SQLException on save Products. DataBaseManager.java saveProducts()
2017-04-16 22:22:06 WARN  Main:196 - SQLException on save User. DataBaseManager.java saveUser()
2017-04-16 22:23:11 WARN  Main:226 - SQLException on save Products. DataBaseManager.java saveProducts()
2017-04-16 22:23:11 WARN  Main:196 - SQLException on save User. DataBaseManager.java saveUser()
2017-04-16 22:24:47 WARN  Main:226 - SQLException on save Products. DataBaseManager.java saveProducts()
2017-04-16 22:24:47 WARN  Main:259 - SQLException on save Plans. DataBaseManager.java savePlans()
2017-04-16 22:24:51 WARN  Main:259 - SQLException on save Plans. DataBaseManager.java savePlans()
2017-04-16 22:24:51 WARN  Main:196 - SQLException on save User. DataBaseManager.java saveUser()
2017-04-16 22:24:54 WARN  Main:226 - SQLException on save Products. DataBaseManager.java saveProducts()
2017-04-16 22:24:54 WARN  Main:196 - SQLException on save User. DataBaseManager.java saveUser()
2017-04-16 22:24:58 WARN  Main:226 - SQLException on save Products. DataBaseManager.java saveProducts()
2017-04-16 22:24:58 WARN  Main:196 - SQLException on save User. DataBaseManager.java saveUser()
2017-04-16 22:25:30 WARN  Main:226 - SQLException on save Products. DataBaseManager.java saveProducts()
2017-04-16 22:25:30 WARN  Main:259 - SQLException on save Plans. DataBaseManager.java savePlans()
2017-04-16 22:25:30 WARN  Main:196 - SQLException on save User. DataBaseManager.java saveUser()
2017-04-16 23:30:24 WARN  Main:226 - SQLException on save Products. DataBaseManager.java saveProducts()
2017-04-16 23:30:24 WARN  Main:196 - SQLException on save User. DataBaseManager.java saveUser()
2017-04-16 23:37:02 WARN  Main:226 - SQLException on save Products. DataBaseManager.java saveProducts()
2017-04-16 23:37:02 WARN  Main:196 - SQLException on save User. DataBaseManager.java saveUser()
2017-04-16 23:38:37 WARN  Main:261 - SQLException on save Plans. DataBaseManager.java savePlans()
2017-04-16 23:38:37 WARN  Main:196 - SQLException on save User. DataBaseManager.java saveUser()
2017-04-16 23:38:37 WARN  Main:226 - SQLException on save Products. DataBaseManager.java saveProducts()
2017-04-16 23:39:45 WARN  Main:261 - SQLException on save Plans. DataBaseManager.java savePlans()
2017-04-16 23:39:45 WARN  Main:226 - SQLException on save Products. DataBaseManager.java saveProducts()
2017-04-16 23:39:51 WARN  Main:261 - SQLException on save Plans. DataBaseManager.java savePlans()
2017-04-16 23:39:51 WARN  Main:196 - SQLException on save User. DataBaseManager.java saveUser()
2017-04-16 23:39:57 WARN  Main:261 - SQLException on save Plans. DataBaseManager.java savePlans()
2017-04-16 23:39:57 WARN  Main:226 - SQLException on save Products. DataBaseManager.java saveProducts()
2017-04-16 23:39:57 WARN  Main:196 - SQLException on save User. DataBaseManager.java saveUser()
2017-04-16 23:40:43 WARN  Main:226 - SQLException on save Products. DataBaseManager.java saveProducts()
2017-04-16 23:40:43 WARN  Main:196 - SQLException on save User. DataBaseManager.java saveUser()
2017-04-18 21:13:47 WARN  Main:195 - SQLException on save User. DataBaseManager.java saveUser()
2017-04-18 21:13:47 WARN  Main:250 - SQLException on save Products. DataBaseManager.java saveProducts()
2017-04-18 21:13:48 WARN  Main:330 - SQLException on save Plans. DataBaseManager.java savePlans()
2017-04-19 16:03:45 WARN  Main:195 - SQLException on save User_old. DataBaseManager.java saveUser()
2017-04-19 16:03:45 WARN  Main:250 - SQLException on save Products. DataBaseManager.java saveProducts()
2017-04-19 16:03:46 WARN  Main:330 - SQLException on save Plans. DataBaseManager.java savePlans()
